cos@cos-pc ~/Templates/cordova-tutorial/server $ npm install
npm WARN package.json @ No description
npm WARN package.json @ No repository field.
npm WARN package.json @ No README data
method-override@2.0.2 node_modules/method-override
├── parseurl@1.0.1
├── vary@0.1.0
└── methods@1.0.1

body-parser@1.3.1 node_modules/body-parser
├── raw-body@1.1.6
├── bytes@1.0.0
├── qs@0.6.6
└── type-is@1.2.1 (mime-types@1.0.0)

express@4.4.5 node_modules/express
├── parseurl@1.0.1
├── merge-descriptors@0.0.2
├── utils-merge@1.0.0
├── cookie@0.1.2
├── vary@0.1.0
├── escape-html@1.0.1
├── cookie-signature@1.0.4
├── qs@0.6.6
├── fresh@0.2.2
├── range-parser@1.0.0
├── methods@1.0.1
├── serve-static@1.2.3
├── buffer-crc32@0.2.3
├── path-to-regexp@0.1.2
├── debug@1.0.2 (ms@0.6.2)
├── type-is@1.2.1 (mime-types@1.0.0)
├── accepts@1.0.7 (negotiator@0.4.7, mime-types@1.0.2)
├── send@0.4.3 (mime@1.2.11, finished@1.2.2)
└── proxy-addr@1.0.1 (ipaddr.js@0.1.2)

